app/build/intermediates/manifest_merge_blame_file/release/processReleaseMainManifest/manifest-merger-blame-release-report.txt
1<?xml version="1.0" encoding="utf-8"?>
2<manifest xmlns:android="http://schemas.android.com/apk/res/android"
3    package="com.marsIT.collection_app"
4    android:versionCode="1"
5    android:versionName="1.0" >
6
7    <uses-sdk
8        android:minSdkVersion="23"
9        android:targetSdkVersion="36" />
10
11    <!-- Permissions Start -->
12    <!-- Precise Location (ACCESS_FINE_LOCATION) -->
13    <!--
14        * For GPS (Global Positioning System)
15          * Wi-Fi
16          * Cellular networks
17          * Bluetooth (for Android 8.0 and higher)
18    -->
19    <uses-permission android:name="android.permission.ACCESS_FINE_LOCATION" />
19-->src\main\AndroidManifest.xml:13:5-79
19-->src\main\AndroidManifest.xml:13:22-76
20
21    <!--
22        * For Wi-Fi
23          * Cell tower signals
24          * Other network-based methods (like IP address)
25    -->
26    <uses-permission android:name="android.permission.ACCESS_COARSE_LOCATION" />
26-->src\main\AndroidManifest.xml:20:5-81
26-->src\main\AndroidManifest.xml:20:22-78
27    <uses-permission android:name="android.permission.ACCESS_BACKGROUND_LOCATION" />
27-->src\main\AndroidManifest.xml:21:5-84
27-->src\main\AndroidManifest.xml:21:22-82
28
29    <!-- Telephony Permissions -->
30    <uses-permission android:name="android.permission.SEND_SMS" />
30-->src\main\AndroidManifest.xml:24:5-67
30-->src\main\AndroidManifest.xml:24:22-64
31    <uses-permission android:name="android.permission.RECEIVE_SMS" />
31-->src\main\AndroidManifest.xml:25:5-70
31-->src\main\AndroidManifest.xml:25:22-67
32    <uses-permission android:name="android.permission.READ_SMS" />
32-->src\main\AndroidManifest.xml:26:5-67
32-->src\main\AndroidManifest.xml:26:22-64
33
34    <!-- This ensures that the app only installs on devices with GPS and SMS capabilities -->
35    <!-- Telephony Hardware Feature to enable all the Telephony Permission -->
36    <uses-feature
36-->src\main\AndroidManifest.xml:30:5-90
37        android:name="android.hardware.location.gps"
37-->src\main\AndroidManifest.xml:30:19-63
38        android:required="false" />
38-->src\main\AndroidManifest.xml:30:64-88
39    <uses-feature
39-->src\main\AndroidManifest.xml:31:5-88
40        android:name="android.hardware.telephony"
40-->src\main\AndroidManifest.xml:31:19-60
41        android:required="false" />
41-->src\main\AndroidManifest.xml:31:61-85
42
43    <!-- Although the *SdkVersion is captured in gradle build files, this is required for non gradle builds -->
44    <!-- <uses-sdk android:minSdkVersion="21"/> -->
45    <uses-permission android:name="android.permission.ACCESS_NETWORK_STATE" />
45-->[com.google.firebase:firebase-database:22.0.1] AndroidManifest.xml:22:5-79
45-->[com.google.firebase:firebase-database:22.0.1] AndroidManifest.xml:22:22-76
46    <uses-permission android:name="android.permission.INTERNET" />
46-->[com.google.firebase:firebase-database:22.0.1] AndroidManifest.xml:23:5-67
46-->[com.google.firebase:firebase-database:22.0.1] AndroidManifest.xml:23:22-64
47
48    <permission
48-->[androidx.core:core:1.16.0] AndroidManifest.xml:22:5-24:47
49        android:name="com.marsIT.collection_app.DYNAMIC_RECEIVER_NOT_EXPORTED_PERMISSION"
49-->[androidx.core:core:1.16.0] AndroidManifest.xml:23:9-81
50        android:protectionLevel="signature" />
50-->[androidx.core:core:1.16.0] AndroidManifest.xml:24:9-44
51
52    <uses-permission android:name="com.marsIT.collection_app.DYNAMIC_RECEIVER_NOT_EXPORTED_PERMISSION" /> <!-- Permissions End -->
52-->[androidx.core:core:1.16.0] AndroidManifest.xml:26:5-97
52-->[androidx.core:core:1.16.0] AndroidManifest.xml:26:22-94
53    <application
53-->src\main\AndroidManifest.xml:34:5-154:19
54        android:allowBackup="true"
54-->src\main\AndroidManifest.xml:35:9-35
55        android:appComponentFactory="androidx.core.app.CoreComponentFactory"
55-->[androidx.core:core:1.16.0] AndroidManifest.xml:28:18-86
56        android:dataExtractionRules="@xml/data_extraction_rules"
56-->src\main\AndroidManifest.xml:36:9-65
57        android:extractNativeLibs="false"
58        android:fullBackupContent="@xml/backup_rules"
58-->src\main\AndroidManifest.xml:37:9-54
59        android:icon="@mipmap/ic_launcher_foreground"
59-->src\main\AndroidManifest.xml:38:9-54
60        android:label="@string/AppName"
60-->src\main\AndroidManifest.xml:39:9-40
61        android:roundIcon="@mipmap/ic_launcher_foreground"
61-->src\main\AndroidManifest.xml:40:9-59
62        android:supportsRtl="true"
62-->src\main\AndroidManifest.xml:41:9-35
63        android:theme="@style/Theme.MarsCollectionApp" >
63-->src\main\AndroidManifest.xml:42:9-55
64
65        <!-- ======================= SMS RECEIVER ADDED HERE ======================= -->
66        <receiver
66-->src\main\AndroidManifest.xml:45:9-54:20
67            android:name="com.marsIT.collection_app.ReceiverSMS.SMSDataReceiver"
67-->src\main\AndroidManifest.xml:46:13-56
68            android:exported="true"
68-->src\main\AndroidManifest.xml:47:13-36
69            android:permission="android.permission.BROADCAST_SMS" >
69-->src\main\AndroidManifest.xml:48:13-66
70            <intent-filter android:priority="99999" >
70-->src\main\AndroidManifest.xml:50:13-52:29
70-->src\main\AndroidManifest.xml:50:28-52
71                <action android:name="android.provider.Telephony.SMS_RECEIVED" />
71-->src\main\AndroidManifest.xml:51:17-82
71-->src\main\AndroidManifest.xml:51:25-79
72            </intent-filter>
73        </receiver>
74        <!-- ======================= END SMS RECEIVER ======================= -->
75
76
77        <!-- StartUp should be the launcher -->
78        <activity
78-->src\main\AndroidManifest.xml:58:9-65:20
79            android:name="com.marsIT.collection_app.CollectionStartUp.StartUp"
79-->src\main\AndroidManifest.xml:59:13-54
80            android:exported="true" >
80-->src\main\AndroidManifest.xml:60:13-36
81            <intent-filter>
81-->src\main\AndroidManifest.xml:61:13-64:29
82                <action android:name="android.intent.action.MAIN" />
82-->src\main\AndroidManifest.xml:62:17-69
82-->src\main\AndroidManifest.xml:62:25-66
83
84                <category android:name="android.intent.category.LAUNCHER" />
84-->src\main\AndroidManifest.xml:63:17-77
84-->src\main\AndroidManifest.xml:63:27-74
85            </intent-filter>
86        </activity>
87
88        <!-- MainActivity -->
89        <activity
89-->src\main\AndroidManifest.xml:68:9-70:39
90            android:name="com.marsIT.collection_app.MainProgram.MainActivity"
90-->src\main\AndroidManifest.xml:69:13-53
91            android:exported="true" />
91-->src\main\AndroidManifest.xml:70:13-36
92
93        <!-- <activity android:name=".InstallProgress.InstallationProcess" -->
94        <!-- android:exported="true" /> -->
95
96
97        <!-- CollectionData -->
98        <activity
98-->src\main\AndroidManifest.xml:76:9-78:39
99            android:name="com.marsIT.collection_app.CollectionData.CollectionPayment"
99-->src\main\AndroidManifest.xml:77:13-61
100            android:exported="true" />
100-->src\main\AndroidManifest.xml:78:13-36
101        <activity
101-->src\main\AndroidManifest.xml:80:9-81:39
102            android:name="com.marsIT.collection_app.CollectionData.ViewCollection"
102-->src\main\AndroidManifest.xml:80:19-64
103            android:exported="true" />
103-->src\main\AndroidManifest.xml:81:13-36
104        <!-- CollectionData -->
105
106
107        <!-- CustomerDetails -->
108        <activity
108-->src\main\AndroidManifest.xml:85:9-86:39
109            android:name="com.marsIT.collection_app.CustomerDetails.CustDetails"
109-->src\main\AndroidManifest.xml:85:19-62
110            android:exported="true" />
110-->src\main\AndroidManifest.xml:86:13-36
111        <!-- CustomerDetails -->
112
113
114        <!-- CustomerStatus -->
115        <activity
115-->src\main\AndroidManifest.xml:90:9-91:39
116            android:name="com.marsIT.collection_app.CustomerStatus.CustomerListCollection"
116-->src\main\AndroidManifest.xml:90:19-72
117            android:exported="true" />
117-->src\main\AndroidManifest.xml:91:13-36
118        <!-- CustomerStatus -->
119
120
121        <!-- SQLpackages -->
122        <activity
122-->src\main\AndroidManifest.xml:95:9-96:39
123            android:name="com.marsIT.collection_app.UpdateSQLpackages.AgriChemData"
123-->src\main\AndroidManifest.xml:95:19-65
124            android:exported="true" />
124-->src\main\AndroidManifest.xml:96:13-36
125        <activity
125-->src\main\AndroidManifest.xml:98:9-100:39
126            android:name="com.marsIT.collection_app.UpdateSQLpackages.BeloData"
126-->src\main\AndroidManifest.xml:99:13-55
127            android:exported="true" />
127-->src\main\AndroidManifest.xml:100:13-36
128        <activity
128-->src\main\AndroidManifest.xml:102:9-104:39
129            android:name="com.marsIT.collection_app.UpdateSQLpackages.Century1Data"
129-->src\main\AndroidManifest.xml:103:13-59
130            android:exported="true" />
130-->src\main\AndroidManifest.xml:104:13-36
131        <activity
131-->src\main\AndroidManifest.xml:106:9-108:39
132            android:name="com.marsIT.collection_app.UpdateSQLpackages.Century2Data"
132-->src\main\AndroidManifest.xml:107:13-59
133            android:exported="true" />
133-->src\main\AndroidManifest.xml:108:13-36
134        <activity
134-->src\main\AndroidManifest.xml:110:9-112:39
135            android:name="com.marsIT.collection_app.UpdateSQLpackages.ColumbiaData"
135-->src\main\AndroidManifest.xml:111:13-59
136            android:exported="true" />
136-->src\main\AndroidManifest.xml:112:13-36
137        <activity
137-->src\main\AndroidManifest.xml:114:9-116:39
138            android:name="com.marsIT.collection_app.UpdateSQLpackages.EqData"
138-->src\main\AndroidManifest.xml:115:13-53
139            android:exported="true" />
139-->src\main\AndroidManifest.xml:116:13-36
140        <activity
140-->src\main\AndroidManifest.xml:118:9-120:39
141            android:name="com.marsIT.collection_app.UpdateSQLpackages.KohlData"
141-->src\main\AndroidManifest.xml:119:13-55
142            android:exported="true" />
142-->src\main\AndroidManifest.xml:120:13-36
143        <activity
143-->src\main\AndroidManifest.xml:122:9-124:39
144            android:name="com.marsIT.collection_app.UpdateSQLpackages.LamoiyanData"
144-->src\main\AndroidManifest.xml:123:13-59
145            android:exported="true" />
145-->src\main\AndroidManifest.xml:124:13-36
146        <activity
146-->src\main\AndroidManifest.xml:126:9-128:39
147            android:name="com.marsIT.collection_app.UpdateSQLpackages.LubricantsData"
147-->src\main\AndroidManifest.xml:127:13-61
148            android:exported="true" />
148-->src\main\AndroidManifest.xml:128:13-36
149        <activity
149-->src\main\AndroidManifest.xml:130:9-132:39
150            android:name="com.marsIT.collection_app.UpdateSQLpackages.MontoscoData"
150-->src\main\AndroidManifest.xml:131:13-59
151            android:exported="true" />
151-->src\main\AndroidManifest.xml:132:13-36
152        <activity
152-->src\main\AndroidManifest.xml:134:9-136:39
153            android:name="com.marsIT.collection_app.UpdateSQLpackages.PeerlessData"
153-->src\main\AndroidManifest.xml:135:13-59
154            android:exported="true" />
154-->src\main\AndroidManifest.xml:136:13-36
155        <activity
155-->src\main\AndroidManifest.xml:138:9-140:39
156            android:name="com.marsIT.collection_app.UpdateSQLpackages.RamData"
156-->src\main\AndroidManifest.xml:139:13-54
157            android:exported="true" />
157-->src\main\AndroidManifest.xml:140:13-36
158        <activity
158-->src\main\AndroidManifest.xml:142:9-144:39
159            android:name="com.marsIT.collection_app.UpdateSQLpackages.SolaneData"
159-->src\main\AndroidManifest.xml:143:13-57
160            android:exported="true" />
160-->src\main\AndroidManifest.xml:144:13-36
161        <activity
161-->src\main\AndroidManifest.xml:146:9-148:39
162            android:name="com.marsIT.collection_app.UpdateSQLpackages.UrcData"
162-->src\main\AndroidManifest.xml:147:13-54
163            android:exported="true" />
163-->src\main\AndroidManifest.xml:148:13-36
164        <activity
164-->src\main\AndroidManifest.xml:150:9-152:39
165            android:name="com.marsIT.collection_app.UpdateSQLpackages.ZestarData"
165-->src\main\AndroidManifest.xml:151:13-57
166            android:exported="true" />
166-->src\main\AndroidManifest.xml:152:13-36
167        <!-- SQLpackages -->
168        <service
168-->[com.google.firebase:firebase-database:22.0.1] AndroidManifest.xml:26:9-35:19
169            android:name="com.google.firebase.components.ComponentDiscoveryService"
169-->[com.google.firebase:firebase-database:22.0.1] AndroidManifest.xml:27:13-84
170            android:directBootAware="true"
170-->[com.google.firebase:firebase-common:22.0.1] AndroidManifest.xml:32:13-43
171            android:exported="false" >
171-->[com.google.firebase:firebase-database:22.0.1] AndroidManifest.xml:28:13-37
172            <meta-data
172-->[com.google.firebase:firebase-database:22.0.1] AndroidManifest.xml:29:13-31:85
173                android:name="com.google.firebase.components:com.google.firebase.database.FirebaseDatabaseKtxRegistrar"
173-->[com.google.firebase:firebase-database:22.0.1] AndroidManifest.xml:30:17-120
174                android:value="com.google.firebase.components.ComponentRegistrar" />
174-->[com.google.firebase:firebase-database:22.0.1] AndroidManifest.xml:31:17-82
175            <meta-data
175-->[com.google.firebase:firebase-database:22.0.1] AndroidManifest.xml:32:13-34:85
176                android:name="com.google.firebase.components:com.google.firebase.database.DatabaseRegistrar"
176-->[com.google.firebase:firebase-database:22.0.1] AndroidManifest.xml:33:17-109
177                android:value="com.google.firebase.components.ComponentRegistrar" />
177-->[com.google.firebase:firebase-database:22.0.1] AndroidManifest.xml:34:17-82
178            <meta-data
178-->[com.google.firebase:firebase-common:22.0.1] AndroidManifest.xml:35:13-37:85
179                android:name="com.google.firebase.components:com.google.firebase.FirebaseCommonKtxRegistrar"
179-->[com.google.firebase:firebase-common:22.0.1] AndroidManifest.xml:36:17-109
180                android:value="com.google.firebase.components.ComponentRegistrar" />
180-->[com.google.firebase:firebase-common:22.0.1] AndroidManifest.xml:37:17-82
181        </service>
182
183        <activity
183-->[com.google.android.gms:play-services-base:18.5.0] AndroidManifest.xml:5:9-173
184            android:name="com.google.android.gms.common.api.GoogleApiActivity"
184-->[com.google.android.gms:play-services-base:18.5.0] AndroidManifest.xml:5:19-85
185            android:exported="false"
185-->[com.google.android.gms:play-services-base:18.5.0] AndroidManifest.xml:5:146-170
186            android:theme="@android:style/Theme.Translucent.NoTitleBar" />
186-->[com.google.android.gms:play-services-base:18.5.0] AndroidManifest.xml:5:86-145
187
188        <provider
188-->[com.google.firebase:firebase-common:22.0.1] AndroidManifest.xml:23:9-28:39
189            android:name="com.google.firebase.provider.FirebaseInitProvider"
189-->[com.google.firebase:firebase-common:22.0.1] AndroidManifest.xml:24:13-77
190            android:authorities="com.marsIT.collection_app.firebaseinitprovider"
190-->[com.google.firebase:firebase-common:22.0.1] AndroidManifest.xml:25:13-72
191            android:directBootAware="true"
191-->[com.google.firebase:firebase-common:22.0.1] AndroidManifest.xml:26:13-43
192            android:exported="false"
192-->[com.google.firebase:firebase-common:22.0.1] AndroidManifest.xml:27:13-37
193            android:initOrder="100" />
193-->[com.google.firebase:firebase-common:22.0.1] AndroidManifest.xml:28:13-36
194        <provider
194-->[androidx.emoji2:emoji2:1.3.0] AndroidManifest.xml:24:9-32:20
195            android:name="androidx.startup.InitializationProvider"
195-->[androidx.emoji2:emoji2:1.3.0] AndroidManifest.xml:25:13-67
196            android:authorities="com.marsIT.collection_app.androidx-startup"
196-->[androidx.emoji2:emoji2:1.3.0] AndroidManifest.xml:26:13-68
197            android:exported="false" >
197-->[androidx.emoji2:emoji2:1.3.0] AndroidManifest.xml:27:13-37
198            <meta-data
198-->[androidx.emoji2:emoji2:1.3.0] AndroidManifest.xml:29:13-31:52
199                android:name="androidx.emoji2.text.EmojiCompatInitializer"
199-->[androidx.emoji2:emoji2:1.3.0] AndroidManifest.xml:30:17-75
200                android:value="androidx.startup" />
200-->[androidx.emoji2:emoji2:1.3.0] AndroidManifest.xml:31:17-49
201            <meta-data
201-->[androidx.lifecycle:lifecycle-process:2.6.2] AndroidManifest.xml:29:13-31:52
202                android:name="androidx.lifecycle.ProcessLifecycleInitializer"
202-->[androidx.lifecycle:lifecycle-process:2.6.2] AndroidManifest.xml:30:17-78
203                android:value="androidx.startup" />
203-->[androidx.lifecycle:lifecycle-process:2.6.2] AndroidManifest.xml:31:17-49
204            <meta-data
204-->[androidx.profileinstaller:profileinstaller:1.4.0] AndroidManifest.xml:29:13-31:52
205                android:name="androidx.profileinstaller.ProfileInstallerInitializer"
205-->[androidx.profileinstaller:profileinstaller:1.4.0] AndroidManifest.xml:30:17-85
206                android:value="androidx.startup" />
206-->[androidx.profileinstaller:profileinstaller:1.4.0] AndroidManifest.xml:31:17-49
207        </provider>
208
209        <meta-data
209-->[com.google.android.gms:play-services-basement:18.4.0] AndroidManifest.xml:6:9-122
210            android:name="com.google.android.gms.version"
210-->[com.google.android.gms:play-services-basement:18.4.0] AndroidManifest.xml:6:20-65
211            android:value="@integer/google_play_services_version" />
211-->[com.google.android.gms:play-services-basement:18.4.0] AndroidManifest.xml:6:66-119
212
213        <receiver
213-->[androidx.profileinstaller:profileinstaller:1.4.0] AndroidManifest.xml:34:9-52:20
214            android:name="androidx.profileinstaller.ProfileInstallReceiver"
214-->[androidx.profileinstaller:profileinstaller:1.4.0] AndroidManifest.xml:35:13-76
215            android:directBootAware="false"
215-->[androidx.profileinstaller:profileinstaller:1.4.0] AndroidManifest.xml:36:13-44
216            android:enabled="true"
216-->[androidx.profileinstaller:profileinstaller:1.4.0] AndroidManifest.xml:37:13-35
217            android:exported="true"
217-->[androidx.profileinstaller:profileinstaller:1.4.0] AndroidManifest.xml:38:13-36
218            android:permission="android.permission.DUMP" >
218-->[androidx.profileinstaller:profileinstaller:1.4.0] AndroidManifest.xml:39:13-57
219            <intent-filter>
219-->[androidx.profileinstaller:profileinstaller:1.4.0] AndroidManifest.xml:40:13-42:29
220                <action android:name="androidx.profileinstaller.action.INSTALL_PROFILE" />
220-->[androidx.profileinstaller:profileinstaller:1.4.0] AndroidManifest.xml:41:17-91
220-->[androidx.profileinstaller:profileinstaller:1.4.0] AndroidManifest.xml:41:25-88
221            </intent-filter>
222            <intent-filter>
222-->[androidx.profileinstaller:profileinstaller:1.4.0] AndroidManifest.xml:43:13-45:29
223                <action android:name="androidx.profileinstaller.action.SKIP_FILE" />
223-->[androidx.profileinstaller:profileinstaller:1.4.0] AndroidManifest.xml:44:17-85
223-->[androidx.profileinstaller:profileinstaller:1.4.0] AndroidManifest.xml:44:25-82
224            </intent-filter>
225            <intent-filter>
225-->[androidx.profileinstaller:profileinstaller:1.4.0] AndroidManifest.xml:46:13-48:29
226                <action android:name="androidx.profileinstaller.action.SAVE_PROFILE" />
226-->[androidx.profileinstaller:profileinstaller:1.4.0] AndroidManifest.xml:47:17-88
226-->[androidx.profileinstaller:profileinstaller:1.4.0] AndroidManifest.xml:47:25-85
227            </intent-filter>
228            <intent-filter>
228-->[androidx.profileinstaller:profileinstaller:1.4.0] AndroidManifest.xml:49:13-51:29
229                <action android:name="androidx.profileinstaller.action.BENCHMARK_OPERATION" />
229-->[androidx.profileinstaller:profileinstaller:1.4.0] AndroidManifest.xml:50:17-95
229-->[androidx.profileinstaller:profileinstaller:1.4.0] AndroidManifest.xml:50:25-92
230            </intent-filter>
231        </receiver>
232    </application>
233
234</manifest>